[     323ms] [ERROR] Failed to load resource: the server responded with a status of 404 () @ https://movibox.net/video/zootopia-SxDV9XZ5kg6:0
[     722ms] [ERROR] Failed to load resource: the server responded with a status of 429 () @ https://firebase.googleapis.com/v1alpha/projects/-/apps/1:854587335712:web:da0ea605801a7998114845/webConfig:0
[     793ms] [INFO] Banner not shown: beforeinstallpromptevent.preventDefault() called. The page must call beforeinstallpromptevent.prompt() to show the banner. @ https://movibox.net/video/zootopia-SxDV9XZ5kg6:0
[    1046ms] [ERROR] Access to fetch at 'https://tesorf.com/er?a=1' from origin 'https://movibox.net' has been blocked by CORS policy: No 'Access-Control-Allow-Origin' header is present on the requested resource. @ https://movibox.net/video/zootopia-SxDV9XZ5kg6:0
[    1049ms] [ERROR] Failed to load resource: net::ERR_FAILED @ https://tesorf.com/er?a=1:0
[    1052ms] Uncaught (in promise) TypeError: Failed to fetch
    at <anonymous> (https://pufted.com/p/waWQiOjEyMjc4NDMsInNpZCI6MTc5NDQwNiwid2lkIjo3NDMwOTksInNyYyI6Mn0=eyJ.js:0:9400)
    at <anonymous> (https://pufted.com/p/waWQiOjEyMjc4NDMsInNpZCI6MTc5NDQwNiwid2lkIjo3NDMwOTksInNyYyI6Mn0=eyJ.js:0:11019)
    at <anonymous> (https://pufted.com/p/waWQiOjEyMjc4NDMsInNpZCI6MTc5NDQwNiwid2lkIjo3NDMwOTksInNyYyI6Mn0=eyJ.js:0:11132)
[    1337ms] [ERROR] Access to fetch at 'https://tesorf.com/er?a=1' from origin 'https://movibox.net' has been blocked by CORS policy: No 'Access-Control-Allow-Origin' header is present on the requested resource. @ https://movibox.net/video/zootopia-SxDV9XZ5kg6:0
[    1338ms] [ERROR] Failed to load resource: net::ERR_FAILED @ https://tesorf.com/er?a=1:0
[    1343ms] Uncaught (in promise) TypeError: Failed to fetch
    at <anonymous> (https://pufted.com/p/waWQiOjEyMjc4NDMsInNpZCI6MTc5NDQwNiwid2lkIjo3NDMwOTksInNyYyI6Mn0=eyJ.js:0:9400)
    at <anonymous> (https://pufted.com/p/waWQiOjEyMjc4NDMsInNpZCI6MTc5NDQwNiwid2lkIjo3NDMwOTksInNyYyI6Mn0=eyJ.js:0:11019)
    at <anonymous> (https://pufted.com/p/waWQiOjEyMjc4NDMsInNpZCI6MTc5NDQwNiwid2lkIjo3NDMwOTksInNyYyI6Mn0=eyJ.js:0:11132)
[    1622ms] [ERROR] Failed to load resource: the server responded with a status of 429 () @ https://firebase.googleapis.com/v1alpha/projects/-/apps/1:854587335712:web:da0ea605801a7998114845/webConfig:0
[    2781ms] [ERROR] Failed to load resource: the server responded with a status of 429 () @ https://firebase.googleapis.com/v1alpha/projects/-/apps/1:854587335712:web:da0ea605801a7998114845/webConfig:0
[    2930ms] [LOG] element not Found: a2 @ :164
[    2931ms] [LOG] element not Found: a3 @ :164
[    2931ms] [LOG] element not Found: a4 @ :164
[    3039ms] TypeError: t.getBoundingClientRect is not a function
    at I (blob:https://movibox.net/dadec446-d47c-4ed1-850b-4629d3094b4b:2:2997)
    at e (blob:https://movibox.net/dadec446-d47c-4ed1-850b-4629d3094b4b:2:3340)
    at n (blob:https://movibox.net/dadec446-d47c-4ed1-850b-4629d3094b4b:2:603)
