[    -408ms] [LOG] window.etm_setting.appid-----------> 2570 @ https://h5-static.aoneroom.com/sdk/athena-unify.js:0
[    -407ms] [LOG] window.etm_setting.appid-----------> 2570 @ https://h5-static.aoneroom.com/sdk/athena-unify.js:0
[    -406ms] [LOG] window.etm_setting.appid-----------> 2570 @ https://h5-static.aoneroom.com/sdk/athena-unify.js:0
[    -362ms] [ERROR] Access to fetch at 'https://tesorf.com/er?a=1' from origin 'https://movibox.net' has been blocked by CORS policy: No 'Access-Control-Allow-Origin' header is present on the requested resource. @ https://movibox.net/ad-slot:0
[    -362ms] [ERROR] Failed to load resource: net::ERR_FAILED @ https://tesorf.com/er?a=1:0
[    -361ms] [ERROR] Access to fetch at 'https://tesorf.com/er?a=1' from origin 'https://movibox.net' has been blocked by CORS policy: No 'Access-Control-Allow-Origin' header is present on the requested resource. @ https://movibox.net/ad-slot:0
[    -361ms] [ERROR] Failed to load resource: net::ERR_FAILED @ https://tesorf.com/er?a=1:0
[    -361ms] [ERROR] Access to fetch at 'https://tesorf.com/er?a=1' from origin 'https://movibox.net' has been blocked by CORS policy: No 'Access-Control-Allow-Origin' header is present on the requested resource. @ https://movibox.net/ad-slot-row:0
[    -361ms] [ERROR] Failed to load resource: net::ERR_FAILED @ https://tesorf.com/er?a=1:0
[    -360ms] [ERROR] Access to fetch at 'https://tesorf.com/er?a=1' from origin 'https://movibox.net' has been blocked by CORS policy: No 'Access-Control-Allow-Origin' header is present on the requested resource. @ https://movibox.net/ad-slot-row:0
[    -360ms] [ERROR] Failed to load resource: net::ERR_FAILED @ https://tesorf.com/er?a=1:0
[    -354ms] [LOG] window.etm_setting.appid-----------> 2570 @ https://h5-static.aoneroom.com/sdk/athena-unify.js:0
[    -352ms] [LOG] window.etm_setting.appid-----------> 2570 @ https://h5-static.aoneroom.com/sdk/athena-unify.js:0
[    -349ms] [LOG] window.etm_setting.appid-----------> 2570 @ https://h5-static.aoneroom.com/sdk/athena-unify.js:0
[    -348ms] [LOG] window.etm_setting.appid-----------> 2570 @ https://h5-static.aoneroom.com/sdk/athena-unify.js:0
[    -346ms] [LOG] window.etm_setting.appid-----------> 2570 @ https://h5-static.aoneroom.com/sdk/athena-unify.js:0
[    -345ms] [LOG] window.etm_setting.appid-----------> 2570 @ https://h5-static.aoneroom.com/sdk/athena-unify.js:0
[    -344ms] [LOG] window.etm_setting.appid-----------> 2570 @ https://h5-static.aoneroom.com/sdk/athena-unify.js:0
[    -343ms] [LOG] window.etm_setting.appid-----------> 2570 @ https://h5-static.aoneroom.com/sdk/athena-unify.js:0
[    -341ms] [LOG] window.etm_setting.appid-----------> 2570 @ https://h5-static.aoneroom.com/sdk/athena-unify.js:0
[    -340ms] [LOG] window.etm_setting.appid-----------> 2570 @ https://h5-static.aoneroom.com/sdk/athena-unify.js:0
[    -338ms] [LOG] window.etm_setting.appid-----------> 2570 @ https://h5-static.aoneroom.com/sdk/athena-unify.js:0
[    -337ms] [LOG] window.etm_setting.appid-----------> 2570 @ https://h5-static.aoneroom.com/sdk/athena-unify.js:0
[    -335ms] [LOG] window.etm_setting.appid-----------> 2570 @ https://h5-static.aoneroom.com/sdk/athena-unify.js:0
[    -332ms] [LOG] window.etm_setting.appid-----------> 2570 @ https://h5-static.aoneroom.com/sdk/athena-unify.js:0
[    -331ms] [LOG] window.etm_setting.appid-----------> 2570 @ https://h5-static.aoneroom.com/sdk/athena-unify.js:0
[    -329ms] [LOG] window.etm_setting.appid-----------> 2570 @ https://h5-static.aoneroom.com/sdk/athena-unify.js:0
[    -328ms] [LOG] window.etm_setting.appid-----------> 2570 @ https://h5-static.aoneroom.com/sdk/athena-unify.js:0
[    -327ms] [LOG] window.etm_setting.appid-----------> 2570 @ https://h5-static.aoneroom.com/sdk/athena-unify.js:0
[    -325ms] [LOG] window.etm_setting.appid-----------> 2570 @ https://h5-static.aoneroom.com/sdk/athena-unify.js:0
[    -324ms] [LOG] window.etm_setting.appid-----------> 2570 @ https://h5-static.aoneroom.com/sdk/athena-unify.js:0
[    -321ms] [LOG] window.etm_setting.appid-----------> 2570 @ https://h5-static.aoneroom.com/sdk/athena-unify.js:0
[    -319ms] [LOG] window.etm_setting.appid-----------> 2570 @ https://h5-static.aoneroom.com/sdk/athena-unify.js:0
[    -318ms] [LOG] window.etm_setting.appid-----------> 2570 @ https://h5-static.aoneroom.com/sdk/athena-unify.js:0
[    -315ms] [LOG] window.etm_setting.appid-----------> 2570 @ https://h5-static.aoneroom.com/sdk/athena-unify.js:0
[    -314ms] [LOG] window.etm_setting.appid-----------> 2570 @ https://h5-static.aoneroom.com/sdk/athena-unify.js:0
[    -313ms] [LOG] window.etm_setting.appid-----------> 2570 @ https://h5-static.aoneroom.com/sdk/athena-unify.js:0
[    -311ms] [LOG] window.etm_setting.appid-----------> 2570 @ https://h5-static.aoneroom.com/sdk/athena-unify.js:0
[    -310ms] [LOG] window.etm_setting.appid-----------> 2570 @ https://h5-static.aoneroom.com/sdk/athena-unify.js:0
[    -310ms] [LOG] window.etm_setting.appid-----------> 2570 @ https://h5-static.aoneroom.com/sdk/athena-unify.js:0
[    -309ms] [LOG] window.etm_setting.appid-----------> 2570 @ https://h5-static.aoneroom.com/sdk/athena-unify.js:0
[    -308ms] [LOG] window.etm_setting.appid-----------> 2570 @ https://h5-static.aoneroom.com/sdk/athena-unify.js:0
[    -306ms] [LOG] window.etm_setting.appid-----------> 2570 @ https://h5-static.aoneroom.com/sdk/athena-unify.js:0
[    -304ms] [LOG] window.etm_setting.appid-----------> 2570 @ https://h5-static.aoneroom.com/sdk/athena-unify.js:0
[    -303ms] [LOG] window.etm_setting.appid-----------> 2570 @ https://h5-static.aoneroom.com/sdk/athena-unify.js:0
[    -301ms] [LOG] window.etm_setting.appid-----------> 2570 @ https://h5-static.aoneroom.com/sdk/athena-unify.js:0
[     934ms] [LOG] window.etm_setting.appid-----------> 2570 @ https://h5-static.aoneroom.com/sdk/athena-unify.js:0
[    2101ms] [LOG] window.etm_setting.appid-----------> 2570 @ https://h5-static.aoneroom.com/sdk/athena-unify.js:0
[    2207ms] [ERROR] Access to fetch at 'https://tesorf.com/er?a=1' from origin 'https://movibox.net' has been blocked by CORS policy: No 'Access-Control-Allow-Origin' header is present on the requested resource. @ https://movibox.net/detail/zootopia-EyPg0iI94l6:0
[    2207ms] [ERROR] Failed to load resource: net::ERR_FAILED @ https://tesorf.com/er?a=1:0
[    2214ms] Uncaught (in promise) TypeError: Failed to fetch
    at <anonymous> (https://pufted.com/p/waWQiOjEyMjc4NDMsInNpZCI6MTc5NDQwNiwid2lkIjo3NDMwOTksInNyYyI6Mn0=eyJ.js:0:9400)
    at <anonymous> (https://pufted.com/p/waWQiOjEyMjc4NDMsInNpZCI6MTc5NDQwNiwid2lkIjo3NDMwOTksInNyYyI6Mn0=eyJ.js:0:11019)
    at <anonymous> (https://pufted.com/p/waWQiOjEyMjc4NDMsInNpZCI6MTc5NDQwNiwid2lkIjo3NDMwOTksInNyYyI6Mn0=eyJ.js:0:11132)
[    2248ms] [LOG] window.etm_setting.appid-----------> 2570 @ https://h5-static.aoneroom.com/sdk/athena-unify.js:0
[    2288ms] [ERROR] Hydration completed but contains mismatches. @ https://spa.aoneroom.com/ssrStatic/moviboxWrong/public/_nuxt/DUYpTwZs.js:13
[    2388ms] [WARNING] An iframe which has both allow-scripts and allow-same-origin for its sandbox attribute can escape its sandboxing. @ https://movibox.net/ad-slot-row:0
[    2397ms] [WARNING] An iframe which has both allow-scripts and allow-same-origin for its sandbox attribute can escape its sandboxing. @ https://movibox.net/ad-slot:0
[    2503ms] [ERROR] Access to fetch at 'https://tesorf.com/er?a=1' from origin 'https://movibox.net' has been blocked by CORS policy: No 'Access-Control-Allow-Origin' header is present on the requested resource. @ https://movibox.net/detail/zootopia-EyPg0iI94l6:0
[    2504ms] [ERROR] Failed to load resource: net::ERR_FAILED @ https://tesorf.com/er?a=1:0
[    2564ms] Uncaught (in promise) TypeError: Failed to fetch
    at <anonymous> (https://pufted.com/p/waWQiOjEyMjc4NDMsInNpZCI6MTc5NDQwNiwid2lkIjo3NDMwOTksInNyYyI6Mn0=eyJ.js:0:9400)
    at <anonymous> (https://pufted.com/p/waWQiOjEyMjc4NDMsInNpZCI6MTc5NDQwNiwid2lkIjo3NDMwOTksInNyYyI6Mn0=eyJ.js:0:11019)
    at <anonymous> (https://pufted.com/p/waWQiOjEyMjc4NDMsInNpZCI6MTc5NDQwNiwid2lkIjo3NDMwOTksInNyYyI6Mn0=eyJ.js:0:11132)
[    5986ms] [ERROR] Access to fetch at 'https://tesorf.com/er?a=1' from origin 'https://movibox.net' has been blocked by CORS policy: No 'Access-Control-Allow-Origin' header is present on the requested resource. @ https://movibox.net/ad-slot-row:0
[    5986ms] [ERROR] Failed to load resource: net::ERR_FAILED @ https://tesorf.com/er?a=1:0
[    5989ms] [ERROR] Access to fetch at 'https://tesorf.com/er?a=1' from origin 'https://movibox.net' has been blocked by CORS policy: No 'Access-Control-Allow-Origin' header is present on the requested resource. @ https://movibox.net/ad-slot-row:0
[    5990ms] [ERROR] Failed to load resource: net::ERR_FAILED @ https://tesorf.com/er?a=1:0
[    6003ms] Uncaught (in promise) TypeError: Failed to fetch
    at <anonymous> (https://pufted.com/p/waWQiOjEyMjc4NDMsInNpZCI6MTc5NDQwNiwid2lkIjo3NDMwOTksInNyYyI6Mn0=eyJ.js:0:9400)
    at <anonymous> (https://pufted.com/p/waWQiOjEyMjc4NDMsInNpZCI6MTc5NDQwNiwid2lkIjo3NDMwOTksInNyYyI6Mn0=eyJ.js:0:11019)
    at <anonymous> (https://pufted.com/p/waWQiOjEyMjc4NDMsInNpZCI6MTc5NDQwNiwid2lkIjo3NDMwOTksInNyYyI6Mn0=eyJ.js:0:11132)
[    6004ms] Uncaught (in promise) TypeError: Failed to fetch
    at <anonymous> (https://pufted.com/p/waWQiOjEyMjc4NDMsInNpZCI6MTc5NDQwNiwid2lkIjo3NDMwOTksInNyYyI6Mn0=eyJ.js:0:9400)
    at <anonymous> (https://pufted.com/p/waWQiOjEyMjc4NDMsInNpZCI6MTc5NDQwNiwid2lkIjo3NDMwOTksInNyYyI6Mn0=eyJ.js:0:11019)
    at <anonymous> (https://pufted.com/p/waWQiOjEyMjc4NDMsInNpZCI6MTc5NDQwNiwid2lkIjo3NDMwOTksInNyYyI6Mn0=eyJ.js:0:11132)
[    6174ms] [ERROR] Access to fetch at 'https://tesorf.com/er?a=1' from origin 'https://movibox.net' has been blocked by CORS policy: No 'Access-Control-Allow-Origin' header is present on the requested resource. @ https://movibox.net/ad-slot:0
[    6175ms] [ERROR] Failed to load resource: net::ERR_FAILED @ https://tesorf.com/er?a=1:0
[    6177ms] Uncaught (in promise) TypeError: Failed to fetch
    at <anonymous> (https://pufted.com/p/waWQiOjEyMjc4NDMsInNpZCI6MTc5NDQwNiwid2lkIjo3NDMwOTksInNyYyI6Mn0=eyJ.js:0:9400)
    at <anonymous> (https://pufted.com/p/waWQiOjEyMjc4NDMsInNpZCI6MTc5NDQwNiwid2lkIjo3NDMwOTksInNyYyI6Mn0=eyJ.js:0:11019)
    at <anonymous> (https://pufted.com/p/waWQiOjEyMjc4NDMsInNpZCI6MTc5NDQwNiwid2lkIjo3NDMwOTksInNyYyI6Mn0=eyJ.js:0:11132)
[    6373ms] [ERROR] Access to fetch at 'https://tesorf.com/er?a=1' from origin 'https://movibox.net' has been blocked by CORS policy: No 'Access-Control-Allow-Origin' header is present on the requested resource. @ https://movibox.net/ad-slot:0
[    6373ms] [ERROR] Failed to load resource: net::ERR_FAILED @ https://tesorf.com/er?a=1:0
[    6376ms] Uncaught (in promise) TypeError: Failed to fetch
    at <anonymous> (https://pufted.com/p/waWQiOjEyMjc4NDMsInNpZCI6MTc5NDQwNiwid2lkIjo3NDMwOTksInNyYyI6Mn0=eyJ.js:0:9400)
    at <anonymous> (https://pufted.com/p/waWQiOjEyMjc4NDMsInNpZCI6MTc5NDQwNiwid2lkIjo3NDMwOTksInNyYyI6Mn0=eyJ.js:0:11019)
    at <anonymous> (https://pufted.com/p/waWQiOjEyMjc4NDMsInNpZCI6MTc5NDQwNiwid2lkIjo3NDMwOTksInNyYyI6Mn0=eyJ.js:0:11132)
